1634721750223	geckodriver	INFO	Listening on 127.0.0.1:50614
1634721753422	mozrunner::runner	INFO	Running command: "C:\\Program Files\\Mozilla Firefox\\firefox.exe" "--marionette" "--ignore-certificate-errors" "--start-maximized" "-no-remote" "-profile" "C:\\Users\\johnr\\AppData\\Local\\Temp\\rust_mozprofileqS6BY2"
1634721762604	Marionette	INFO	Marionette enabled
console.warn: SearchSettings: "get: No settings file exists, new profile?" (new NotFoundError("Could not open the file at C:\\Users\\johnr\\AppData\\Local\\Temp\\rust_mozprofileqS6BY2\\search.json.mozlz4", (void 0)))
console.error: Region.jsm: "Error fetching region" (new Error("TIMEOUT", "resource://gre/modules/Region.jsm", 772))
console.error: Region.jsm: "Failed to fetch region" (new Error("TIMEOUT", "resource://gre/modules/Region.jsm", 419))
JavaScript error: resource://gre/modules/SearchService.jsm, line 213: Error: Something tried to use the search service before it's been properly intialized. Please examine the stack trace to figure out what and where to fix it:
_ensureInitialized@resource://gre/modules/SearchService.jsm:213:15
_getEngineDefault@resource://gre/modules/SearchService.jsm:2157:10
get defaultEngine@resource://gre/modules/SearchService.jsm:2289:17
_cacheL10nStrings@resource:///modules/UrlbarView.jsm:2163:11
onQueryStarted@resource:///modules/UrlbarView.jsm:583:10
notify@resource:///modules/UrlbarController.jsm:652:25
startQuery@resource:///modules/UrlbarController.jsm:133:10
startQuery@resource:///modules/UrlbarInput.jsm:1354:52
autoOpen@resource:///modules/UrlbarView.jsm:512:20
_on_mousedown@resource:///modules/UrlbarInput.jsm:2929:21
handleEvent@resource:///modules/UrlbarInput.jsm:425:23

JavaScript error: resource:///modules/UrlbarView.jsm, line 2163: NS_ERROR_XPC_JAVASCRIPT_ERROR_WITH_DETAILS: [JavaScript Error: "Something tried to use the search service before it's been properly intialized. Please examine the stack trace to figure out what and where to fix it:
_ensureInitialized@resource://gre/modules/SearchService.jsm:213:15
_getEngineDefault@resource://gre/modules/SearchService.jsm:2157:10
get defaultEngine@resource://gre/modules/SearchService.jsm:2289:17
_cacheL10nStrings@resource:///modules/UrlbarView.jsm:2163:11
onQueryStarted@resource:///modules/UrlbarView.jsm:583:10
notify@resource:///modules/UrlbarController.jsm:652:25
startQuery@resource:///modules/UrlbarController.jsm:133:10
startQuery@resource:///modules/UrlbarInput.jsm:1354:52
autoOpen@resource:///modules/UrlbarView.jsm:512:20
_on_mousedown@resource:///modules/UrlbarInput.jsm:2929:21
handleEvent@resource:///modules/UrlbarInput.jsm:425:23
" {file: "resource://gre/modules/SearchService.jsm" line: 213}]'[JavaScript Error: "Something tried to use the search service before it's been properly intialized. Please examine the stack trace to figure out what and where to fix it:
_ensureInitialized@resource://gre/modules/SearchService.jsm:213:15
_getEngineDefault@resource://gre/modules/SearchService.jsm:2157:10
get defaultEngine@resource://gre/modules/SearchService.jsm:2289:17
_cacheL10nStrings@resource:///modules/UrlbarView.jsm:2163:11
onQueryStarted@resource:///modules/UrlbarView.jsm:583:10
notify@resource:///modules/UrlbarController.jsm:652:25
startQuery@resource:///modules/UrlbarController.jsm:133:10
startQuery@resource:///modules/UrlbarInput.jsm:1354:52
autoOpen@resource:///modules/UrlbarView.jsm:512:20
_on_mousedown@resource:///modules/UrlbarInput.jsm:2929:21
handleEvent@resource:///modules/UrlbarInput.jsm:425:23
" {file: "resource://gre/modules/SearchService.jsm" line: 213}]' when calling method: [nsISearchService::defaultEngine]
1634721802532	Marionette	INFO	Listening on port 60737
1634721804126	RemoteAgent	WARN	TLS certificate errors will be ignored for this session
JavaScript warning: https://www.googletagmanager.com/gtm.js?id=GTM-WJZQSJF, line 376: unreachable code after return statement
JavaScript warning: https://deo.shopeemobile.com/shopee/shopee-pcmall-live-sg//assets/6819.c4b0e89eab947d79eb44.js, line 1: WEBGL_debug_renderer_info is deprecated in Firefox and will be removed. Please use RENDERER.
1634721861684	Marionette	INFO	Stopped listening on port 60737
JavaScript error: resource:///modules/Interactions.jsm, line 201: NS_ERROR_FAILURE: Component returned failure code: 0x80004005 (NS_ERROR_FAILURE) [nsIUserIdleService.removeIdleObserver]
JavaScript error: https://deo.shopeemobile.com/shopee/shopee-pcmall-live-sg//assets/bundle.63b78246e76c86220460.js, line 1: NS_ERROR_NOT_INITIALIZED: 
JavaScript error: https://deo.shopeemobile.com/shopee/shopee-pcmall-live-sg//assets/bundle.63b78246e76c86220460.js, line 1: NS_ERROR_NOT_INITIALIZED: 
[Parent 12012, IPC I/O Parent] WARNING: file /builds/worker/checkouts/gecko/ipc/chromium/src/base/process_util_win.cc:167
1634721876881	geckodriver	INFO	Listening on 127.0.0.1:60284
1634721879944	mozrunner::runner	INFO	Running command: "C:\\Program Files\\Mozilla Firefox\\firefox.exe" "--marionette" "--ignore-certificate-errors" "--start-maximized" "-no-remote" "-profile" "C:\\Users\\johnr\\AppData\\Local\\Temp\\rust_mozprofileVY42Kr"
1634721881788	Marionette	INFO	Marionette enabled
console.warn: SearchSettings: "get: No settings file exists, new profile?" (new NotFoundError("Could not open the file at C:\\Users\\johnr\\AppData\\Local\\Temp\\rust_mozprofileVY42Kr\\search.json.mozlz4", (void 0)))
1634721890897	Marionette	INFO	Listening on port 60292
1634721891781	RemoteAgent	WARN	TLS certificate errors will be ignored for this session
JavaScript warning: https://www.googletagmanager.com/gtm.js?id=GTM-WJZQSJF, line 376: unreachable code after return statement
JavaScript warning: https://deo.shopeemobile.com/shopee/shopee-pcmall-live-sg//assets/6819.c4b0e89eab947d79eb44.js, line 1: WEBGL_debug_renderer_info is deprecated in Firefox and will be removed. Please use RENDERER.
JavaScript error: resource://devtools/server/actors/network-monitor/network-event-actor.js, line 109: Error: Got a request https://deo.shopeemobile.com/shopee/shopee-pcmall-live-sg//assets/bundle.60831c6f1c4bd791ff8c.css without a browsingContextID set
1634721977573	Marionette	INFO	Stopped listening on port 60292
JavaScript error: resource:///modules/Interactions.jsm, line 201: NS_ERROR_FAILURE: Component returned failure code: 0x80004005 (NS_ERROR_FAILURE) [nsIUserIdleService.removeIdleObserver]
console.warn: TopSitesFeed: Failed to fetch data from Contile server: NetworkError when attempting to fetch resource.

###!!! [Parent][MessageChannel] Error: (msgtype=0x39007A,name=PContent::Msg_DestroyBrowsingContextGroup) Closed channel: cannot send/recv

JavaScript error: resource://gre/modules/Sqlite.jsm, line 1030: Error: Sqlite.jsm has been shutdown. Cannot open connection to: C:\Users\johnr\AppData\Local\Temp\rust_mozprofileVY42Kr\protections.sqlite
1634721986442	geckodriver	INFO	Listening on 127.0.0.1:61961
1634721989502	mozrunner::runner	INFO	Running command: "C:\\Program Files\\Mozilla Firefox\\firefox.exe" "--marionette" "--ignore-certificate-errors" "--start-maximized" "-no-remote" "-profile" "C:\\Users\\johnr\\AppData\\Local\\Temp\\rust_mozprofileiiPwCt"
1634721991012	Marionette	INFO	Marionette enabled
console.warn: SearchSettings: "get: No settings file exists, new profile?" (new NotFoundError("Could not open the file at C:\\Users\\johnr\\AppData\\Local\\Temp\\rust_mozprofileiiPwCt\\search.json.mozlz4", (void 0)))
1634722000328	Marionette	INFO	Listening on port 61969
1634722000479	RemoteAgent	WARN	TLS certificate errors will be ignored for this session
JavaScript warning: https://www.googletagmanager.com/gtm.js?id=GTM-WJZQSJF, line 376: unreachable code after return statement
JavaScript warning: https://deo.shopeemobile.com/shopee/shopee-pcmall-live-sg//assets/6819.c4b0e89eab947d79eb44.js, line 1: WEBGL_debug_renderer_info is deprecated in Firefox and will be removed. Please use RENDERER.
JavaScript error: resource://devtools/server/actors/network-monitor/network-event-actor.js, line 109: Error: Got a request https://deo.shopeemobile.com/shopee/shopee-pcmall-live-sg//assets/bundle.60831c6f1c4bd791ff8c.css without a browsingContextID set
1634722045727	Marionette	INFO	Stopped listening on port 61969
JavaScript error: resource:///modules/Interactions.jsm, line 201: NS_ERROR_FAILURE: Component returned failure code: 0x80004005 (NS_ERROR_FAILURE) [nsIUserIdleService.removeIdleObserver]
console.warn: TopSitesFeed: Failed to fetch data from Contile server: NetworkError when attempting to fetch resource.

###!!! [Child][RunMessage] Error: Channel closing: too late to send/recv, messages will be lost


###!!! [Child][MessageChannel] Error: (msgtype=0x590004,name=PHttpChannel::Msg_Cancel) Channel closing: too late to send/recv, messages will be lost


###!!! [Child][MessageChannel] Error: (msgtype=0x590008,name=PHttpChannel::Msg_DeletingChannel) Channel closing: too late to send/recv, messages will be lost

1634722051620	geckodriver	INFO	Listening on 127.0.0.1:53821
1634722054687	mozrunner::runner	INFO	Running command: "C:\\Program Files\\Mozilla Firefox\\firefox.exe" "--marionette" "--ignore-certificate-errors" "--start-maximized" "-no-remote" "-profile" "C:\\Users\\johnr\\AppData\\Local\\Temp\\rust_mozprofileJNWHjF"
1634722055901	Marionette	INFO	Marionette enabled
console.warn: SearchSettings: "get: No settings file exists, new profile?" (new NotFoundError("Could not open the file at C:\\Users\\johnr\\AppData\\Local\\Temp\\rust_mozprofileJNWHjF\\search.json.mozlz4", (void 0)))
1634722063791	Marionette	INFO	Listening on port 50563
1634722064803	RemoteAgent	WARN	TLS certificate errors will be ignored for this session
JavaScript warning: https://www.googletagmanager.com/gtm.js?id=GTM-WJZQSJF, line 376: unreachable code after return statement
JavaScript warning: https://deo.shopeemobile.com/shopee/shopee-pcmall-live-sg//assets/6819.c4b0e89eab947d79eb44.js, line 1: WEBGL_debug_renderer_info is deprecated in Firefox and will be removed. Please use RENDERER.
[Parent 10896, IPC I/O Parent] WARNING: pipe error: 232: file /builds/worker/checkouts/gecko/ipc/chromium/src/chrome/common/ipc_channel_win.cc:544
[GFX1-]: Receive IPC close with reason=AbnormalShutdo
###!!! [Child][MessageChannel::SendAndWait] Error: Channel error: cannot send/recv

wn
[GFX1-]: Receive IPC close with reason=AbnormalShutdown

###!!! [Child][MessageChannel] Error: (msgtype=0xA60026,name=PWebRenderBridge::Msg_Shutdown) Channel error: cannot send/recv


###!!! [Child][MessageChannel] Error: (msgtype=0x920003,name=PTexture::Msg_Destroy) Channel error: cannot send/recv


###!!! [Child][MessageChannel] Error: (msgtype=0xD,name=PAPZ::Msg_Destroy) Channel error: cannot send/recv


###!!! [Child][MessageChannel::SendAndWait] Error: (msgtype=0x360014,name=PCompositorBridge::Msg_WillClose) Channel error: cannot send/recv


###!!! [Child][MessageChannel] Error: (msgtype=0xA60026,name=PWebRenderBridge::Msg_Shutdown) Channel error: cannot send/recv


###!!! [Child][MessageChannel::SendAndWait] Error: (msgtype=0x360014,name=PCompositorBridge::Msg_WillClose) Channel error: cannot send/recv

[GFX1-]: Receive IPC close with reason=AbnormalShutdown

###!!! [Child][MessageChannel] Error: (msgtype=0x9D0001,name=PVideoBridge::Msg_PTextureConstructor) Channel error: cannot send/recv


###!!! [Child][MessageChannel] Error: (msgtype=0x920004,name=PTexture::Msg_RecycleTexture) Channel error: cannot send/recv


###!!! [Child][MessageChannel] Error: (msgtype=0x9D0001,name=PVideoBridge::Msg_PTextureConstructor) Channel error: cannot send/recv


###!!! [Child][MessageChannel] Error: (msgtype=0x920004,name=PTexture::Msg_RecycleTexture) Channel error: cannot send/recv


###!!! [Child][MessageChannel] Error: (msgtype=0x9D0001,name=PVideoBridge::Msg_PTextureConstructor) Channel error: cannot send/recv


###!!! [Child][MessageChannel] Error: (msgtype=0x920004,name=PTexture::Msg_RecycleTexture) Channel error: cannot send/recv


###!!! [Child][MessageChannel] Error: (msgtype=0x9D0001,name=PVideoBridge::Msg_PTextureConstructor) Channel error: cannot send/recv


###!!! [Child][MessageChannel] Error: (msgtype=0x920004,name=PTexture::Msg_RecycleTexture) Channel error: cannot send/recv

[GFX1-]: Receive IPC close with reason=AbnormalShutdown
[GFX1-]: Receive IPC close with reason=AbnormalShutdown
JavaScript warning: , line 0: Failed to allocate internal command buffer.
JavaScript warning: , line 0: WebGL context was lost.
console.log: WebExtensions: reset-default-search: starting.
console.log: WebExtensions: reset-default-search: No addons in our list are installed.
1634722830876	Marionette	WARN	TimedPromise timed out after 500 ms: stacktrace:
TimedPromise/<@chrome://remote/content/marionette/sync.js:238:19
TimedPromise@chrome://remote/content/marionette/sync.js:223:10
interaction.flushEventLoop@chrome://remote/content/marionette/interaction.js:431:10
webdriverClickElement@chrome://remote/content/marionette/interaction.js:179:31
1634722831621	Marionette	INFO	Stopped listening on port 50563
JavaScript error: resource:///modules/Interactions.jsm, line 201: NS_ERROR_FAILURE: Component returned failure code: 0x80004005 (NS_ERROR_FAILURE) [nsIUserIdleService.removeIdleObserver]

###!!! [Parent][MessageChannel] Error: (msgtype=0x39007A,name=PContent::Msg_DestroyBrowsingContextGroup) Closed channel: cannot send/recv

JavaScript error: resource://gre/modules/Sqlite.jsm, line 1030: Error: Sqlite.jsm has been shutdown. Cannot open connection to: C:\Users\johnr\AppData\Local\Temp\rust_mozprofileJNWHjF\protections.sqlite

###!!! [Child][RunMessage] Error: Channel closing: too late to send/recv, messages will be lost


###!!! [Child][RunMessage] Error: Channel closing: too late to send/recv, messages will be lost


###!!! [Child][RunMessage] Error: Channel closing: too late to send/recv, messages will be lost


###!!! [Child][RunMessage] Error: Channel closing: too late to send/recv, messages will be lost


###!!! [Child][RunMessage] Error: Channel closing: too late to send/recv, messages will be lost


###!!! [Parent][RunMessage] Error: Channel closing: too late to send/recv, messages will be lost

